22:16:04.985 [main] INFO  c.n.exam.main.aspect.ElapseAspect - StopWatch 'load': running time = 5935700 ns
---------------------------------------------
ns         %     Task name
---------------------------------------------
005935700  100%  load

22:16:04.988 [main] INFO  c.n.exam.main.aspect.ElapseAspect - StopWatch 'findWaterBills': running time = 906300 ns
---------------------------------------------
ns         %     Task name
---------------------------------------------
000906300  100%  findWaterBills

22:16:05.011 [main] INFO  c.n.exam.main.aspect.ElapseAspect - StopWatch 'report': running time = 21173800 ns
---------------------------------------------
ns         %     Task name
---------------------------------------------
021173800  100%  report

22:18:03.275 [main] INFO  c.n.exam.main.aspect.ElapseAspect - StopWatch 'load': running time = 6161400 ns
---------------------------------------------
ns         %     Task name
---------------------------------------------
006161400  100%  load

22:18:03.278 [main] INFO  c.n.exam.main.aspect.ElapseAspect - StopWatch 'findWaterBills': running time = 848200 ns
---------------------------------------------
ns         %     Task name
---------------------------------------------
000848200  100%  findWaterBills

22:18:03.295 [main] INFO  c.n.exam.main.aspect.ElapseAspect - StopWatch 'report': running time = 16304400 ns
---------------------------------------------
ns         %     Task name
---------------------------------------------
016304400  100%  report

22:18:28.795 [main] INFO  c.n.exam.main.aspect.ElapseAspect - StopWatch 'load': running time = 29943300 ns
---------------------------------------------
ns         %     Task name
---------------------------------------------
029943300  100%  load

22:18:28.800 [main] INFO  c.n.exam.main.aspect.ElapseAspect - StopWatch 'findWaterBills': running time = 1237100 ns
---------------------------------------------
ns         %     Task name
---------------------------------------------
001237100  100%  findWaterBills

22:18:28.833 [main] INFO  c.n.exam.main.aspect.ElapseAspect - StopWatch 'report': running time = 31823400 ns
---------------------------------------------
ns         %     Task name
---------------------------------------------
031823400  100%  report

22:19:07.860 [main] INFO  c.n.exam.main.aspect.ElapseAspect - StopWatch 'load': running time = 25908800 ns
---------------------------------------------
ns         %     Task name
---------------------------------------------
025908800  100%  load

22:19:07.865 [main] INFO  c.n.exam.main.aspect.ElapseAspect - StopWatch 'findWaterBills': running time = 1219900 ns
---------------------------------------------
ns         %     Task name
---------------------------------------------
001219900  100%  findWaterBills

22:19:07.900 [main] INFO  c.n.exam.main.aspect.ElapseAspect - StopWatch 'report': running time = 34178800 ns
---------------------------------------------
ns         %     Task name
---------------------------------------------
034178800  100%  report

22:20:25.744 [main] INFO  c.n.exam.main.aspect.ElapseAspect - StopWatch 'parse': running time = 17249500 ns
---------------------------------------------
ns         %     Task name
---------------------------------------------
017249500  100%  parse

22:20:25.747 [main] INFO  c.n.exam.main.aspect.ElapseAspect - StopWatch 'load': running time = 42137700 ns
---------------------------------------------
ns         %     Task name
---------------------------------------------
042137700  100%  load

22:20:25.755 [main] INFO  c.n.exam.main.aspect.ElapseAspect - StopWatch 'findWaterBills': running time = 1197400 ns
---------------------------------------------
ns         %     Task name
---------------------------------------------
001197400  100%  findWaterBills

22:20:25.755 [main] INFO  c.n.exam.main.aspect.ElapseAspect - StopWatch 'calculate': running time = 8221900 ns
---------------------------------------------
ns         %     Task name
---------------------------------------------
008221900  100%  calculate

22:20:25.756 [main] INFO  c.n.exam.main.aspect.ElapseAspect - StopWatch 'getLowWaterBills': running time = 80600 ns
---------------------------------------------
ns         %     Task name
---------------------------------------------
000080600  100%  getLowWaterBills

22:20:25.782 [main] INFO  c.n.exam.main.aspect.ElapseAspect - StopWatch 'report': running time = 25276500 ns
---------------------------------------------
ns         %     Task name
---------------------------------------------
025276500  100%  report

22:22:00.794 [main] INFO  c.n.exam.main.aspect.ElapseAspect - StopWatch 'parse': running time = 7168000 ns
---------------------------------------------
ns         %     Task name
---------------------------------------------
007168000  100%  parse

22:22:00.796 [main] INFO  c.n.exam.main.aspect.ElapseAspect - StopWatch 'load': running time = 14809000 ns
---------------------------------------------
ns         %     Task name
---------------------------------------------
014809000  100%  load

22:22:00.798 [main] INFO  c.n.exam.main.aspect.ElapseAspect - StopWatch 'findWaterBills': running time = 1023700 ns
---------------------------------------------
ns         %     Task name
---------------------------------------------
001023700  100%  findWaterBills

22:22:00.799 [main] INFO  c.n.exam.main.aspect.ElapseAspect - StopWatch 'calculate': running time = 1817200 ns
---------------------------------------------
ns         %     Task name
---------------------------------------------
001817200  100%  calculate

22:22:00.799 [main] INFO  c.n.exam.main.aspect.ElapseAspect - StopWatch 'getLowWaterBills': running time = 16900 ns
---------------------------------------------
ns         %     Task name
---------------------------------------------
000016900  100%  getLowWaterBills

22:22:00.819 [main] INFO  c.n.exam.main.aspect.ElapseAspect - StopWatch 'report': running time = 19355600 ns
---------------------------------------------
ns         %     Task name
---------------------------------------------
019355600  100%  report

22:22:20.374 [main] INFO  c.n.exam.main.aspect.ElapseAspect - StopWatch 'parse': running time = 7214800 ns
---------------------------------------------
ns         %     Task name
---------------------------------------------
007214800  100%  parse

22:22:20.377 [main] INFO  c.n.exam.main.aspect.ElapseAspect - StopWatch 'load': running time = 14080200 ns
---------------------------------------------
ns         %     Task name
---------------------------------------------
014080200  100%  load

22:22:20.379 [main] INFO  c.n.exam.main.aspect.ElapseAspect - StopWatch 'findWaterBills': running time = 935700 ns
---------------------------------------------
ns         %     Task name
---------------------------------------------
000935700  100%  findWaterBills

22:22:20.379 [main] INFO  c.n.exam.main.aspect.ElapseAspect - StopWatch 'calculate': running time = 1552700 ns
---------------------------------------------
ns         %     Task name
---------------------------------------------
001552700  100%  calculate

22:22:20.379 [main] INFO  c.n.exam.main.aspect.ElapseAspect - StopWatch 'getLowWaterBills': running time = 14600 ns
---------------------------------------------
ns         %     Task name
---------------------------------------------
000014600  100%  getLowWaterBills

22:22:20.398 [main] INFO  c.n.exam.main.aspect.ElapseAspect - StopWatch 'report': running time = 18371100 ns
---------------------------------------------
ns         %     Task name
---------------------------------------------
018371100  100%  report

22:23:08.799 [main] INFO  c.n.exam.main.aspect.ElapseAspect - StopWatch 'parse': running time = 18566400 ns
---------------------------------------------
ns         %     Task name
---------------------------------------------
018566400  100%  parse

22:23:08.802 [main] INFO  c.n.exam.main.aspect.ElapseAspect - StopWatch 'load': running time = 42453800 ns
---------------------------------------------
ns         %     Task name
---------------------------------------------
042453800  100%  load

22:23:08.812 [main] INFO  c.n.exam.main.aspect.ElapseAspect - StopWatch 'findWaterBills': running time = 1198800 ns
---------------------------------------------
ns         %     Task name
---------------------------------------------
001198800  100%  findWaterBills

22:23:08.812 [main] INFO  c.n.exam.main.aspect.ElapseAspect - StopWatch 'calculate': running time = 9633500 ns
---------------------------------------------
ns         %     Task name
---------------------------------------------
009633500  100%  calculate

22:23:08.813 [main] INFO  c.n.exam.main.aspect.ElapseAspect - StopWatch 'getLowWaterBills': running time = 92100 ns
---------------------------------------------
ns         %     Task name
---------------------------------------------
000092100  100%  getLowWaterBills

22:23:08.838 [main] INFO  c.n.exam.main.aspect.ElapseAspect - StopWatch 'report': running time = 25160400 ns
---------------------------------------------
ns         %     Task name
---------------------------------------------
025160400  100%  report

